<?xml version="1.0" encoding="UTF-8"?>
<!-- Generated by org.testng.reporters.JUnitXMLReporter -->
<testsuite ignored="0" hostname="LAPTOP-S0IS0QVR" failures="0" tests="1" name="Default test" time="3.408" errors="0" timestamp="2020-09-16T08:50:33 IST">
  <testcase classname="HighlevelBases.Assert_Verify2" name="@BeforeTest beforeTest" time="3.348">
    <failure type="org.openqa.selenium.SessionNotCreatedException" message="session not created: This version of ChromeDriver only supports Chrome version 83
Build info: version: &amp;apos;3.141.59&amp;apos;, revision: &amp;apos;e82be7d358&amp;apos;, time: &amp;apos;2018-11-14T08:25:53&amp;apos;
System info: host: &amp;apos;LAPTOP-S0IS0QVR&amp;apos;, ip: &amp;apos;192.168.225.52&amp;apos;, os.name: &amp;apos;Windows 10&amp;apos;, os.arch: &amp;apos;amd64&amp;apos;, os.version: &amp;apos;10.0&amp;apos;, java.version: &amp;apos;14.0.1&amp;apos;
Driver info: driver.version: ChromeDriver
remote stacktrace: Backtrace:
	Ordinal0 [0x00989563+2725219]
	Ordinal0 [0x00888551+1672529]
	Ordinal0 [0x00770359+525145]
	Ordinal0 [0x00700B77+68471]
	Ordinal0 [0x006FD32C+54060]
	Ordinal0 [0x0071CC37+183351]
	Ordinal0 [0x0071CA3D+182845]
	Ordinal0 [0x0071A94B+174411]
	Ordinal0 [0x00702528+75048]
	Ordinal0 [0x007035A0+79264]
	Ordinal0 [0x00703539+79161]
	Ordinal0 [0x0089D607+1758727]
	GetHandleVerifier [0x00AA6546+1050150]
	GetHandleVerifier [0x00AA6291+1049457]
	GetHandleVerifier [0x00AB10D7+1094071]
	GetHandleVerifier [0x00AA6B46+1051686]
	Ordinal0 [0x00895B06+1727238]
	Ordinal0 [0x0089EB7B+1764219]
	Ordinal0 [0x0089ECE3+1764579]
	Ordinal0 [0x008B4C05+1854469]
	BaseThreadInitThunk [0x77A06359+25]
	RtlGetAppContainerNamedObjectPath [0x77B67C24+228]
	RtlGetAppContainerNamedObjectPath [0x77B67BF4+180]
">
      <![CDATA[org.openqa.selenium.SessionNotCreatedException: session not created: This version of ChromeDriver only supports Chrome version 83
Build info: version: '3.141.59', revision: 'e82be7d358', time: '2018-11-14T08:25:53'
System info: host: 'LAPTOP-S0IS0QVR', ip: '192.168.225.52', os.name: 'Windows 10', os.arch: 'amd64', os.version: '10.0', java.version: '14.0.1'
Driver info: driver.version: ChromeDriver
remote stacktrace: Backtrace:
Ordinal0 [0x00989563+2725219]
Ordinal0 [0x00888551+1672529]
Ordinal0 [0x00770359+525145]
Ordinal0 [0x00700B77+68471]
Ordinal0 [0x006FD32C+54060]
Ordinal0 [0x0071CC37+183351]
Ordinal0 [0x0071CA3D+182845]
Ordinal0 [0x0071A94B+174411]
Ordinal0 [0x00702528+75048]
Ordinal0 [0x007035A0+79264]
Ordinal0 [0x00703539+79161]
Ordinal0 [0x0089D607+1758727]
GetHandleVerifier [0x00AA6546+1050150]
GetHandleVerifier [0x00AA6291+1049457]
GetHandleVerifier [0x00AB10D7+1094071]
GetHandleVerifier [0x00AA6B46+1051686]
Ordinal0 [0x00895B06+1727238]
Ordinal0 [0x0089EB7B+1764219]
Ordinal0 [0x0089ECE3+1764579]
Ordinal0 [0x008B4C05+1854469]
BaseThreadInitThunk [0x77A06359+25]
RtlGetAppContainerNamedObjectPath [0x77B67C24+228]
RtlGetAppContainerNamedObjectPath [0x77B67BF4+180]

at java.base/jdk.internal.reflect.NativeConstructorAccessorImpl.newInstance0(Native Method)
at java.base/jdk.internal.reflect.NativeConstructorAccessorImpl.newInstance(NativeConstructorAccessorImpl.java:62)
at java.base/jdk.internal.reflect.DelegatingConstructorAccessorImpl.newInstance(DelegatingConstructorAccessorImpl.java:45)
at java.base/java.lang.reflect.Constructor.newInstanceWithCaller(Constructor.java:500)
at java.base/java.lang.reflect.Constructor.newInstance(Constructor.java:481)
at org.openqa.selenium.remote.W3CHandshakeResponse.lambda$errorHandler$0(W3CHandshakeResponse.java:62)
at org.openqa.selenium.remote.HandshakeResponse.lambda$getResponseFunction$0(HandshakeResponse.java:30)
at org.openqa.selenium.remote.ProtocolHandshake.lambda$createSession$0(ProtocolHandshake.java:126)
at java.base/java.util.stream.ReferencePipeline$3$1.accept(ReferencePipeline.java:195)
at java.base/java.util.Spliterators$ArraySpliterator.tryAdvance(Spliterators.java:958)
at java.base/java.util.stream.ReferencePipeline.forEachWithCancel(ReferencePipeline.java:127)
at java.base/java.util.stream.AbstractPipeline.copyIntoWithCancel(AbstractPipeline.java:502)
at java.base/java.util.stream.AbstractPipeline.copyInto(AbstractPipeline.java:488)
at java.base/java.util.stream.AbstractPipeline.wrapAndCopyInto(AbstractPipeline.java:474)
at java.base/java.util.stream.FindOps$FindOp.evaluateSequential(FindOps.java:150)
at java.base/java.util.stream.AbstractPipeline.evaluate(AbstractPipeline.java:234)
at java.base/java.util.stream.ReferencePipeline.findFirst(ReferencePipeline.java:543)
at org.openqa.selenium.remote.ProtocolHandshake.createSession(ProtocolHandshake.java:128)
at org.openqa.selenium.remote.ProtocolHandshake.createSession(ProtocolHandshake.java:74)
at org.openqa.selenium.remote.HttpCommandExecutor.execute(HttpCommandExecutor.java:136)
at org.openqa.selenium.remote.service.DriverCommandExecutor.execute(DriverCommandExecutor.java:83)
at org.openqa.selenium.remote.RemoteWebDriver.execute(RemoteWebDriver.java:552)
at org.openqa.selenium.remote.RemoteWebDriver.startSession(RemoteWebDriver.java:213)
at org.openqa.selenium.remote.RemoteWebDriver.<init>(RemoteWebDriver.java:131)
at org.openqa.selenium.chrome.ChromeDriver.<init>(ChromeDriver.java:181)
at org.openqa.selenium.chrome.ChromeDriver.<init>(ChromeDriver.java:168)
at org.openqa.selenium.chrome.ChromeDriver.<init>(ChromeDriver.java:123)
at HighlevelBases.Assert_Verify2.beforeTest(Assert_Verify2.java:46)
at java.base/jdk.internal.reflect.NativeMethodAccessorImpl.invoke0(Native Method)
at java.base/jdk.internal.reflect.NativeMethodAccessorImpl.invoke(NativeMethodAccessorImpl.java:62)
at java.base/jdk.internal.reflect.DelegatingMethodAccessorImpl.invoke(DelegatingMethodAccessorImpl.java:43)
at java.base/java.lang.reflect.Method.invoke(Method.java:564)
at org.testng.internal.MethodInvocationHelper.invokeMethod(MethodInvocationHelper.java:135)
at org.testng.internal.MethodInvocationHelper.invokeMethodConsideringTimeout(MethodInvocationHelper.java:64)
at org.testng.internal.ConfigInvoker.invokeConfigurationMethod(ConfigInvoker.java:364)
at org.testng.internal.ConfigInvoker.invokeConfigurations(ConfigInvoker.java:318)
at org.testng.TestRunner.invokeTestConfigurations(TestRunner.java:620)
at org.testng.TestRunner.beforeRun(TestRunner.java:610)
at org.testng.TestRunner.run(TestRunner.java:581)
at org.testng.SuiteRunner.runTest(SuiteRunner.java:384)
at org.testng.SuiteRunner.runSequentially(SuiteRunner.java:378)
at org.testng.SuiteRunner.privateRun(SuiteRunner.java:337)
at org.testng.SuiteRunner.run(SuiteRunner.java:286)
at org.testng.SuiteRunnerWorker.runSuite(SuiteRunnerWorker.java:53)
at org.testng.SuiteRunnerWorker.run(SuiteRunnerWorker.java:96)
at org.testng.TestNG.runSuitesSequentially(TestNG.java:1214)
at org.testng.TestNG.runSuitesLocally(TestNG.java:1136)
at org.testng.TestNG.runSuites(TestNG.java:1066)
at org.testng.TestNG.run(TestNG.java:1034)
at org.testng.remote.AbstractRemoteTestNG.run(AbstractRemoteTestNG.java:115)
at org.testng.remote.RemoteTestNG.initAndRun(RemoteTestNG.java:251)
at org.testng.remote.RemoteTestNG.main(RemoteTestNG.java:77)
]]>
    </failure>
  </testcase> <!-- @BeforeTest beforeTest -->
  <testcase classname="HighlevelBases.Assert_Verify2" name="@AfterTest afterTest" time="-1.600226433082E9">
    <skipped/>
  </testcase> <!-- @AfterTest afterTest -->
  <testcase classname="HighlevelBases.Assert_Verify2" name="fun" time="0.0">
    <skipped/>
  </testcase> <!-- fun -->
</testsuite> <!-- Default test -->
