<?xml version="1.0" encoding="UTF-8"?>
<!-- Generated by org.testng.reporters.JUnitXMLReporter -->
<testsuite ignored="0" hostname="LAPTOP-S0IS0QVR" failures="0" tests="2" name="test" time="24.644" errors="0" timestamp="2020-09-07T17:05:05 IST">
  <testcase classname="QAclass.Screenshot" name="@BeforeTest beforeTest" time="1.439">
    <failure type="org.openqa.selenium.SessionNotCreatedException" message="session not created: This version of ChromeDriver only supports Chrome version 83
Build info: version: &amp;apos;3.141.59&amp;apos;, revision: &amp;apos;e82be7d358&amp;apos;, time: &amp;apos;2018-11-14T08:25:53&amp;apos;
System info: host: &amp;apos;LAPTOP-S0IS0QVR&amp;apos;, ip: &amp;apos;192.168.225.52&amp;apos;, os.name: &amp;apos;Windows 10&amp;apos;, os.arch: &amp;apos;amd64&amp;apos;, os.version: &amp;apos;10.0&amp;apos;, java.version: &amp;apos;14.0.1&amp;apos;
Driver info: driver.version: ChromeDriver
remote stacktrace: Backtrace:
	Ordinal0 [0x00DD9563+2725219]
	Ordinal0 [0x00CD8551+1672529]
	Ordinal0 [0x00BC0359+525145]
	Ordinal0 [0x00B50B77+68471]
	Ordinal0 [0x00B4D32C+54060]
	Ordinal0 [0x00B6CC37+183351]
	Ordinal0 [0x00B6CA3D+182845]
	Ordinal0 [0x00B6A94B+174411]
	Ordinal0 [0x00B52528+75048]
	Ordinal0 [0x00B535A0+79264]
	Ordinal0 [0x00B53539+79161]
	Ordinal0 [0x00CED607+1758727]
	GetHandleVerifier [0x00EF6546+1050150]
	GetHandleVerifier [0x00EF6291+1049457]
	GetHandleVerifier [0x00F010D7+1094071]
	GetHandleVerifier [0x00EF6B46+1051686]
	Ordinal0 [0x00CE5B06+1727238]
	Ordinal0 [0x00CEEB7B+1764219]
	Ordinal0 [0x00CEECE3+1764579]
	Ordinal0 [0x00D04C05+1854469]
	BaseThreadInitThunk [0x75486359+25]
	RtlGetAppContainerNamedObjectPath [0x77A17C24+228]
	RtlGetAppContainerNamedObjectPath [0x77A17BF4+180]
">
      <![CDATA[org.openqa.selenium.SessionNotCreatedException: session not created: This version of ChromeDriver only supports Chrome version 83
Build info: version: '3.141.59', revision: 'e82be7d358', time: '2018-11-14T08:25:53'
System info: host: 'LAPTOP-S0IS0QVR', ip: '192.168.225.52', os.name: 'Windows 10', os.arch: 'amd64', os.version: '10.0', java.version: '14.0.1'
Driver info: driver.version: ChromeDriver
remote stacktrace: Backtrace:
Ordinal0 [0x00DD9563+2725219]
Ordinal0 [0x00CD8551+1672529]
Ordinal0 [0x00BC0359+525145]
Ordinal0 [0x00B50B77+68471]
Ordinal0 [0x00B4D32C+54060]
Ordinal0 [0x00B6CC37+183351]
Ordinal0 [0x00B6CA3D+182845]
Ordinal0 [0x00B6A94B+174411]
Ordinal0 [0x00B52528+75048]
Ordinal0 [0x00B535A0+79264]
Ordinal0 [0x00B53539+79161]
Ordinal0 [0x00CED607+1758727]
GetHandleVerifier [0x00EF6546+1050150]
GetHandleVerifier [0x00EF6291+1049457]
GetHandleVerifier [0x00F010D7+1094071]
GetHandleVerifier [0x00EF6B46+1051686]
Ordinal0 [0x00CE5B06+1727238]
Ordinal0 [0x00CEEB7B+1764219]
Ordinal0 [0x00CEECE3+1764579]
Ordinal0 [0x00D04C05+1854469]
BaseThreadInitThunk [0x75486359+25]
RtlGetAppContainerNamedObjectPath [0x77A17C24+228]
RtlGetAppContainerNamedObjectPath [0x77A17BF4+180]

at org.openqa.selenium.remote.W3CHandshakeResponse.lambda$errorHandler$0(W3CHandshakeResponse.java:62)
at org.openqa.selenium.remote.HandshakeResponse.lambda$getResponseFunction$0(HandshakeResponse.java:30)
at org.openqa.selenium.remote.ProtocolHandshake.lambda$createSession$0(ProtocolHandshake.java:126)
at java.base/java.util.stream.ReferencePipeline$3$1.accept(ReferencePipeline.java:195)
at java.base/java.util.Spliterators$ArraySpliterator.tryAdvance(Spliterators.java:958)
at java.base/java.util.stream.ReferencePipeline.forEachWithCancel(ReferencePipeline.java:127)
at java.base/java.util.stream.AbstractPipeline.copyIntoWithCancel(AbstractPipeline.java:502)
at java.base/java.util.stream.AbstractPipeline.copyInto(AbstractPipeline.java:488)
at java.base/java.util.stream.AbstractPipeline.wrapAndCopyInto(AbstractPipeline.java:474)
at java.base/java.util.stream.FindOps$FindOp.evaluateSequential(FindOps.java:150)
at java.base/java.util.stream.AbstractPipeline.evaluate(AbstractPipeline.java:234)
at java.base/java.util.stream.ReferencePipeline.findFirst(ReferencePipeline.java:543)
at org.openqa.selenium.remote.ProtocolHandshake.createSession(ProtocolHandshake.java:128)
at org.openqa.selenium.remote.ProtocolHandshake.createSession(ProtocolHandshake.java:74)
at org.openqa.selenium.remote.HttpCommandExecutor.execute(HttpCommandExecutor.java:136)
at org.openqa.selenium.remote.service.DriverCommandExecutor.execute(DriverCommandExecutor.java:83)
at org.openqa.selenium.remote.RemoteWebDriver.execute(RemoteWebDriver.java:552)
at org.openqa.selenium.remote.RemoteWebDriver.startSession(RemoteWebDriver.java:213)
at org.openqa.selenium.remote.RemoteWebDriver.<init>(RemoteWebDriver.java:131)
at org.openqa.selenium.chrome.ChromeDriver.<init>(ChromeDriver.java:181)
at org.openqa.selenium.chrome.ChromeDriver.<init>(ChromeDriver.java:168)
at org.openqa.selenium.chrome.ChromeDriver.<init>(ChromeDriver.java:123)
at QAclass.Screenshot.beforeTest(Screenshot.java:53)
... Removed 29 stack frames]]>
    </failure>
  </testcase> <!-- @BeforeTest beforeTest -->
  <testcase classname="QAclass.Alerts" name="@AfterTest afterTest" time="-1.599478505134E9">
    <skipped/>
  </testcase> <!-- @AfterTest afterTest -->
  <testcase classname="QAclass.Screenshot" name="@AfterTest afterTest" time="-1.599478505135E9">
    <skipped/>
  </testcase> <!-- @AfterTest afterTest -->
  <testcase classname="QAclass.Alerts" name="alerts" time="0.0">
    <skipped/>
  </testcase> <!-- alerts -->
  <testcase classname="QAclass.Screenshot" name="alerts" time="0.0">
    <skipped/>
  </testcase> <!-- alerts -->
</testsuite> <!-- test -->
