<?xml version="1.0" encoding="UTF-8"?>
<!-- Generated by org.testng.reporters.JUnitReportReporter -->
<testsuite hostname="LAPTOP-S0IS0QVR" failures="0" tests="2" name="QAclass.Mouseover" time="1.606" errors="1" timestamp="2020-09-14T17:38:28 IST" skipped="1">
  <testcase classname="QAclass.Mouseover" name="mouseover" time="0.000">
    <skipped/>
  </testcase> <!-- mouseover -->
  <system-out/>
  <testcase classname="QAclass.Mouseover" name="beforeTest" time="1.606">
    <error message="session not created: This version of ChromeDriver only supports Chrome version 86
Current browser version is 85.0.4183.102 with binary path C:\Program Files (x86)\Google\Chrome\Application\chrome.exe
Build info: version: &#039;3.141.59&#039;, revision: &#039;e82be7d358&#039;, time: &#039;2018-11-14T08:25:53&#039;
System info: host: &#039;LAPTOP-S0IS0QVR&#039;, ip: &#039;192.168.225.52&#039;, os.name: &#039;Windows 10&#039;, os.arch: &#039;amd64&#039;, os.version: &#039;10.0&#039;, java.version: &#039;14.0.1&#039;
Driver info: driver.version: ChromeDriver
remote stacktrace: Backtrace:
	Ordinal0 [0x0087C013+3194899]
	Ordinal0 [0x00766021+2056225]
	Ordinal0 [0x005FF608+587272]
	Ordinal0 [0x00581BF3+72691]
	Ordinal0 [0x0057E229+57897]
	Ordinal0 [0x0057C64A+50762]
	Ordinal0 [0x005A1EE9+204521]
	Ordinal0 [0x005A1D0D+204045]
	Ordinal0 [0x0059FC1B+195611]
	Ordinal0 [0x00583B7F+80767]
	Ordinal0 [0x00584B4E+84814]
	Ordinal0 [0x00584AD9+84697]
	Ordinal0 [0x0077CE64+2149988]
	GetHandleVerifier [0x009EBE95+1400773]
	GetHandleVerifier [0x009EBB61+1399953]
	GetHandleVerifier [0x009F31FA+1430314]
	GetHandleVerifier [0x009EC69F+1402831]
	Ordinal0 [0x00773D61+2112865]
	Ordinal0 [0x0077E5CB+2155979]
	Ordinal0 [0x0077E6F5+2156277]
	Ordinal0 [0x0078F26E+2224750]
	BaseThreadInitThunk [0x77A06359+25]
	RtlGetAppContainerNamedObjectPath [0x77B67C24+228]
	RtlGetAppContainerNamedObjectPath [0x77B67BF4+180]
" type="org.openqa.selenium.SessionNotCreatedException">
      <![CDATA[org.openqa.selenium.SessionNotCreatedException: session not created: This version of ChromeDriver only supports Chrome version 86
Current browser version is 85.0.4183.102 with binary path C:\Program Files (x86)\Google\Chrome\Application\chrome.exe
Build info: version: '3.141.59', revision: 'e82be7d358', time: '2018-11-14T08:25:53'
System info: host: 'LAPTOP-S0IS0QVR', ip: '192.168.225.52', os.name: 'Windows 10', os.arch: 'amd64', os.version: '10.0', java.version: '14.0.1'
Driver info: driver.version: ChromeDriver
remote stacktrace: Backtrace:
Ordinal0 [0x0087C013+3194899]
Ordinal0 [0x00766021+2056225]
Ordinal0 [0x005FF608+587272]
Ordinal0 [0x00581BF3+72691]
Ordinal0 [0x0057E229+57897]
Ordinal0 [0x0057C64A+50762]
Ordinal0 [0x005A1EE9+204521]
Ordinal0 [0x005A1D0D+204045]
Ordinal0 [0x0059FC1B+195611]
Ordinal0 [0x00583B7F+80767]
Ordinal0 [0x00584B4E+84814]
Ordinal0 [0x00584AD9+84697]
Ordinal0 [0x0077CE64+2149988]
GetHandleVerifier [0x009EBE95+1400773]
GetHandleVerifier [0x009EBB61+1399953]
GetHandleVerifier [0x009F31FA+1430314]
GetHandleVerifier [0x009EC69F+1402831]
Ordinal0 [0x00773D61+2112865]
Ordinal0 [0x0077E5CB+2155979]
Ordinal0 [0x0077E6F5+2156277]
Ordinal0 [0x0078F26E+2224750]
BaseThreadInitThunk [0x77A06359+25]
RtlGetAppContainerNamedObjectPath [0x77B67C24+228]
RtlGetAppContainerNamedObjectPath [0x77B67BF4+180]

at java.base/jdk.internal.reflect.NativeConstructorAccessorImpl.newInstance0(Native Method)
at java.base/jdk.internal.reflect.NativeConstructorAccessorImpl.newInstance(NativeConstructorAccessorImpl.java:62)
at java.base/jdk.internal.reflect.DelegatingConstructorAccessorImpl.newInstance(DelegatingConstructorAccessorImpl.java:45)
at java.base/java.lang.reflect.Constructor.newInstanceWithCaller(Constructor.java:500)
at java.base/java.lang.reflect.Constructor.newInstance(Constructor.java:481)
at org.openqa.selenium.remote.W3CHandshakeResponse.lambda$errorHandler$0(W3CHandshakeResponse.java:62)
at org.openqa.selenium.remote.HandshakeResponse.lambda$getResponseFunction$0(HandshakeResponse.java:30)
at org.openqa.selenium.remote.ProtocolHandshake.lambda$createSession$0(ProtocolHandshake.java:126)
at java.base/java.util.stream.ReferencePipeline$3$1.accept(ReferencePipeline.java:195)
at java.base/java.util.Spliterators$ArraySpliterator.tryAdvance(Spliterators.java:958)
at java.base/java.util.stream.ReferencePipeline.forEachWithCancel(ReferencePipeline.java:127)
at java.base/java.util.stream.AbstractPipeline.copyIntoWithCancel(AbstractPipeline.java:502)
at java.base/java.util.stream.AbstractPipeline.copyInto(AbstractPipeline.java:488)
at java.base/java.util.stream.AbstractPipeline.wrapAndCopyInto(AbstractPipeline.java:474)
at java.base/java.util.stream.FindOps$FindOp.evaluateSequential(FindOps.java:150)
at java.base/java.util.stream.AbstractPipeline.evaluate(AbstractPipeline.java:234)
at java.base/java.util.stream.ReferencePipeline.findFirst(ReferencePipeline.java:543)
at org.openqa.selenium.remote.ProtocolHandshake.createSession(ProtocolHandshake.java:128)
at org.openqa.selenium.remote.ProtocolHandshake.createSession(ProtocolHandshake.java:74)
at org.openqa.selenium.remote.HttpCommandExecutor.execute(HttpCommandExecutor.java:136)
at org.openqa.selenium.remote.service.DriverCommandExecutor.execute(DriverCommandExecutor.java:83)
at org.openqa.selenium.remote.RemoteWebDriver.execute(RemoteWebDriver.java:552)
at org.openqa.selenium.remote.RemoteWebDriver.startSession(RemoteWebDriver.java:213)
at org.openqa.selenium.remote.RemoteWebDriver.<init>(RemoteWebDriver.java:131)
at org.openqa.selenium.chrome.ChromeDriver.<init>(ChromeDriver.java:181)
at org.openqa.selenium.chrome.ChromeDriver.<init>(ChromeDriver.java:168)
at org.openqa.selenium.chrome.ChromeDriver.<init>(ChromeDriver.java:123)
at QAclass.Mouseover.beforeTest(Mouseover.java:46)
at java.base/jdk.internal.reflect.NativeMethodAccessorImpl.invoke0(Native Method)
at java.base/jdk.internal.reflect.NativeMethodAccessorImpl.invoke(NativeMethodAccessorImpl.java:62)
at java.base/jdk.internal.reflect.DelegatingMethodAccessorImpl.invoke(DelegatingMethodAccessorImpl.java:43)
at java.base/java.lang.reflect.Method.invoke(Method.java:564)
at org.testng.internal.MethodInvocationHelper.invokeMethod(MethodInvocationHelper.java:135)
at org.testng.internal.MethodInvocationHelper.invokeMethodConsideringTimeout(MethodInvocationHelper.java:64)
at org.testng.internal.ConfigInvoker.invokeConfigurationMethod(ConfigInvoker.java:364)
at org.testng.internal.ConfigInvoker.invokeConfigurations(ConfigInvoker.java:318)
at org.testng.TestRunner.invokeTestConfigurations(TestRunner.java:620)
at org.testng.TestRunner.beforeRun(TestRunner.java:610)
at org.testng.TestRunner.run(TestRunner.java:581)
at org.testng.SuiteRunner.runTest(SuiteRunner.java:384)
at org.testng.SuiteRunner.runSequentially(SuiteRunner.java:378)
at org.testng.SuiteRunner.privateRun(SuiteRunner.java:337)
at org.testng.SuiteRunner.run(SuiteRunner.java:286)
at org.testng.SuiteRunnerWorker.runSuite(SuiteRunnerWorker.java:53)
at org.testng.SuiteRunnerWorker.run(SuiteRunnerWorker.java:96)
at org.testng.TestNG.runSuitesSequentially(TestNG.java:1214)
at org.testng.TestNG.runSuitesLocally(TestNG.java:1136)
at org.testng.TestNG.runSuites(TestNG.java:1066)
at org.testng.TestNG.run(TestNG.java:1034)
at org.testng.remote.AbstractRemoteTestNG.run(AbstractRemoteTestNG.java:115)
at org.testng.remote.RemoteTestNG.initAndRun(RemoteTestNG.java:251)
at org.testng.remote.RemoteTestNG.main(RemoteTestNG.java:77)
]]>
    </error>
  </testcase> <!-- beforeTest -->
  <system-out/>
</testsuite> <!-- QAclass.Mouseover -->
